Analysis & Synthesis report for serializer
Fri Jan  5 08:50:31 2024
Quartus Prime Version 18.1.0 Build 625 09/12/2018 SJ Lite Edition


---------------------
; Table of Contents ;
---------------------
  1. Legal Notice
  2. Analysis & Synthesis Summary
  3. Analysis & Synthesis Settings
  4. Parallel Compilation
  5. Analysis & Synthesis Source Files Read
  6. Analysis & Synthesis Resource Usage Summary
  7. Analysis & Synthesis Resource Utilization by Entity
  8. Registers Removed During Synthesis
  9. Removed Registers Triggering Further Register Optimizations
 10. General Register Statistics
 11. Parameter Settings for User Entity Instance: serializer:serializer
 12. Post-Synthesis Netlist Statistics for Top Partition
 13. Elapsed Time Per Partition
 14. Analysis & Synthesis Messages



----------------
; Legal Notice ;
----------------
Copyright (C) 2018  Intel Corporation. All rights reserved.
Your use of Intel Corporation's design tools, logic functions 
and other software and tools, and its AMPP partner logic 
functions, and any output files from any of the foregoing 
(including device programming or simulation files), and any 
associated documentation or information are expressly subject 
to the terms and conditions of the Intel Program License 
Subscription Agreement, the Intel Quartus Prime License Agreement,
the Intel FPGA IP License Agreement, or other applicable license
agreement, including, without limitation, that your use is for
the sole purpose of programming logic devices manufactured by
Intel and sold by Intel or its authorized distributors.  Please
refer to the applicable agreement for further details.



+-------------------------------------------------------------------------------+
; Analysis & Synthesis Summary                                                  ;
+---------------------------------+---------------------------------------------+
; Analysis & Synthesis Status     ; Successful - Fri Jan  5 08:50:31 2024       ;
; Quartus Prime Version           ; 18.1.0 Build 625 09/12/2018 SJ Lite Edition ;
; Revision Name                   ; serializer                                  ;
; Top-level Entity Name           ; serializer_top                              ;
; Family                          ; Cyclone V                                   ;
; Logic utilization (in ALMs)     ; N/A                                         ;
; Total registers                 ; 0                                           ;
; Total pins                      ; 1                                           ;
; Total virtual pins              ; 25                                          ;
; Total block memory bits         ; 0                                           ;
; Total DSP Blocks                ; 0                                           ;
; Total HSSI RX PCSs              ; 0                                           ;
; Total HSSI PMA RX Deserializers ; 0                                           ;
; Total HSSI TX PCSs              ; 0                                           ;
; Total HSSI PMA TX Serializers   ; 0                                           ;
; Total PLLs                      ; 0                                           ;
; Total DLLs                      ; 0                                           ;
+---------------------------------+---------------------------------------------+


+---------------------------------------------------------------------------------------------------------------------------+
; Analysis & Synthesis Settings                                                                                             ;
+---------------------------------------------------------------------------------+--------------------+--------------------+
; Option                                                                          ; Setting            ; Default Value      ;
+---------------------------------------------------------------------------------+--------------------+--------------------+
; Device                                                                          ; 5CSEBA4U19C8       ;                    ;
; Top-level entity name                                                           ; serializer_top     ; serializer         ;
; Family name                                                                     ; Cyclone V          ; Cyclone V          ;
; Maximum processors allowed for parallel compilation                             ; All                ;                    ;
; Use smart compilation                                                           ; Off                ; Off                ;
; Enable parallel Assembler and Timing Analyzer during compilation                ; On                 ; On                 ;
; Enable compact report table                                                     ; Off                ; Off                ;
; Restructure Multiplexers                                                        ; Auto               ; Auto               ;
; MLAB Add Timing Constraints For Mixed-Port Feed-Through Mode Setting Don't Care ; Off                ; Off                ;
; Create Debugging Nodes for IP Cores                                             ; Off                ; Off                ;
; Preserve fewer node names                                                       ; On                 ; On                 ;
; Intel FPGA IP Evaluation Mode                                                   ; Enable             ; Enable             ;
; Verilog Version                                                                 ; Verilog_2001       ; Verilog_2001       ;
; VHDL Version                                                                    ; VHDL_1993          ; VHDL_1993          ;
; State Machine Processing                                                        ; Auto               ; Auto               ;
; Safe State Machine                                                              ; Off                ; Off                ;
; Extract Verilog State Machines                                                  ; On                 ; On                 ;
; Extract VHDL State Machines                                                     ; On                 ; On                 ;
; Ignore Verilog initial constructs                                               ; Off                ; Off                ;
; Iteration limit for constant Verilog loops                                      ; 5000               ; 5000               ;
; Iteration limit for non-constant Verilog loops                                  ; 250                ; 250                ;
; Add Pass-Through Logic to Inferred RAMs                                         ; On                 ; On                 ;
; Infer RAMs from Raw Logic                                                       ; On                 ; On                 ;
; Parallel Synthesis                                                              ; On                 ; On                 ;
; DSP Block Balancing                                                             ; Auto               ; Auto               ;
; NOT Gate Push-Back                                                              ; On                 ; On                 ;
; Power-Up Don't Care                                                             ; On                 ; On                 ;
; Remove Redundant Logic Cells                                                    ; Off                ; Off                ;
; Remove Duplicate Registers                                                      ; On                 ; On                 ;
; Ignore CARRY Buffers                                                            ; Off                ; Off                ;
; Ignore CASCADE Buffers                                                          ; Off                ; Off                ;
; Ignore GLOBAL Buffers                                                           ; Off                ; Off                ;
; Ignore ROW GLOBAL Buffers                                                       ; Off                ; Off                ;
; Ignore LCELL Buffers                                                            ; Off                ; Off                ;
; Ignore SOFT Buffers                                                             ; On                 ; On                 ;
; Limit AHDL Integers to 32 Bits                                                  ; Off                ; Off                ;
; Optimization Technique                                                          ; Balanced           ; Balanced           ;
; Carry Chain Length                                                              ; 70                 ; 70                 ;
; Auto Carry Chains                                                               ; On                 ; On                 ;
; Auto Open-Drain Pins                                                            ; On                 ; On                 ;
; Perform WYSIWYG Primitive Resynthesis                                           ; Off                ; Off                ;
; Auto ROM Replacement                                                            ; On                 ; On                 ;
; Auto RAM Replacement                                                            ; On                 ; On                 ;
; Auto DSP Block Replacement                                                      ; On                 ; On                 ;
; Auto Shift Register Replacement                                                 ; Auto               ; Auto               ;
; Allow Shift Register Merging across Hierarchies                                 ; Auto               ; Auto               ;
; Auto Clock Enable Replacement                                                   ; On                 ; On                 ;
; Strict RAM Replacement                                                          ; Off                ; Off                ;
; Allow Synchronous Control Signals                                               ; On                 ; On                 ;
; Force Use of Synchronous Clear Signals                                          ; Off                ; Off                ;
; Auto Resource Sharing                                                           ; Off                ; Off                ;
; Allow Any RAM Size For Recognition                                              ; Off                ; Off                ;
; Allow Any ROM Size For Recognition                                              ; Off                ; Off                ;
; Allow Any Shift Register Size For Recognition                                   ; Off                ; Off                ;
; Use LogicLock Constraints during Resource Balancing                             ; On                 ; On                 ;
; Ignore translate_off and synthesis_off directives                               ; Off                ; Off                ;
; Timing-Driven Synthesis                                                         ; On                 ; On                 ;
; Report Parameter Settings                                                       ; On                 ; On                 ;
; Report Source Assignments                                                       ; On                 ; On                 ;
; Report Connectivity Checks                                                      ; On                 ; On                 ;
; Ignore Maximum Fan-Out Assignments                                              ; Off                ; Off                ;
; Synchronization Register Chain Length                                           ; 3                  ; 3                  ;
; Power Optimization During Synthesis                                             ; Normal compilation ; Normal compilation ;
; HDL message level                                                               ; Level2             ; Level2             ;
; Suppress Register Optimization Related Messages                                 ; Off                ; Off                ;
; Number of Removed Registers Reported in Synthesis Report                        ; 5000               ; 5000               ;
; Number of Swept Nodes Reported in Synthesis Report                              ; 5000               ; 5000               ;
; Number of Inverted Registers Reported in Synthesis Report                       ; 100                ; 100                ;
; Clock MUX Protection                                                            ; On                 ; On                 ;
; Auto Gated Clock Conversion                                                     ; Off                ; Off                ;
; Block Design Naming                                                             ; Auto               ; Auto               ;
; SDC constraint protection                                                       ; Off                ; Off                ;
; Synthesis Effort                                                                ; Auto               ; Auto               ;
; Shift Register Replacement - Allow Asynchronous Clear Signal                    ; On                 ; On                 ;
; Pre-Mapping Resynthesis Optimization                                            ; Off                ; Off                ;
; Analysis & Synthesis Message Level                                              ; Medium             ; Medium             ;
; Disable Register Merging Across Hierarchies                                     ; Auto               ; Auto               ;
; Resource Aware Inference For Block RAM                                          ; On                 ; On                 ;
; Automatic Parallel Synthesis                                                    ; On                 ; On                 ;
; Partial Reconfiguration Bitstream ID                                            ; Off                ; Off                ;
+---------------------------------------------------------------------------------+--------------------+--------------------+


+------------------------------------------+
; Parallel Compilation                     ;
+----------------------------+-------------+
; Processors                 ; Number      ;
+----------------------------+-------------+
; Number detected on machine ; 8           ;
; Maximum allowed            ; 8           ;
;                            ;             ;
; Average used               ; 1.00        ;
; Maximum used               ; 1           ;
;                            ;             ;
; Usage by Processor         ; % Time Used ;
;     Processor 1            ; 100.0%      ;
+----------------------------+-------------+


+----------------------------------------------------------------------------------------------------------------------------------------------------+
; Analysis & Synthesis Source Files Read                                                                                                             ;
+----------------------------------+-----------------+------------------------------+------------------------------------------------------+---------+
; File Name with User-Entered Path ; Used in Netlist ; File Type                    ; File Name with Absolute Path                         ; Library ;
+----------------------------------+-----------------+------------------------------+------------------------------------------------------+---------+
; ../rtl/serializer_top.sv         ; yes             ; User SystemVerilog HDL File  ; /home/vladimir/NTC/serialaizer/rtl/serializer_top.sv ;         ;
; ../rtl/serializer.sv             ; yes             ; User SystemVerilog HDL File  ; /home/vladimir/NTC/serialaizer/rtl/serializer.sv     ;         ;
+----------------------------------+-----------------+------------------------------+------------------------------------------------------+---------+


+-----------------------------------------------------+
; Analysis & Synthesis Resource Usage Summary         ;
+---------------------------------------------+-------+
; Resource                                    ; Usage ;
+---------------------------------------------+-------+
; Estimate of Logic utilization (ALMs needed) ; 13    ;
;                                             ;       ;
; Combinational ALUT usage for logic          ; 0     ;
;     -- 7 input functions                    ; 0     ;
;     -- 6 input functions                    ; 0     ;
;     -- 5 input functions                    ; 0     ;
;     -- 4 input functions                    ; 0     ;
;     -- <=3 input functions                  ; 0     ;
;                                             ;       ;
; Dedicated logic registers                   ; 0     ;
;                                             ;       ;
; Virtual pins                                ; 25    ;
; I/O pins                                    ; 1     ;
;                                             ;       ;
; Total DSP Blocks                            ; 0     ;
;                                             ;       ;
; Maximum fan-out node                        ; clk_i ;
; Maximum fan-out                             ; 1     ;
; Total fan-out                               ; 1     ;
; Average fan-out                             ; 0.04  ;
+---------------------------------------------+-------+


+-------------------------------------------------------------------------------------------------------------------------------------------------------------------------------------------+
; Analysis & Synthesis Resource Utilization by Entity                                                                                                                                       ;
+----------------------------+---------------------+---------------------------+-------------------+------------+------+--------------+---------------------+----------------+--------------+
; Compilation Hierarchy Node ; Combinational ALUTs ; Dedicated Logic Registers ; Block Memory Bits ; DSP Blocks ; Pins ; Virtual Pins ; Full Hierarchy Name ; Entity Name    ; Library Name ;
+----------------------------+---------------------+---------------------------+-------------------+------------+------+--------------+---------------------+----------------+--------------+
; |serializer_top            ; 0 (0)               ; 0 (0)                     ; 0                 ; 0          ; 1    ; 25           ; |serializer_top     ; serializer_top ; work         ;
+----------------------------+---------------------+---------------------------+-------------------+------------+------+--------------+---------------------+----------------+--------------+
Note: For table entries with two numbers listed, the numbers in parentheses indicate the number of resources of the given type used by the specific entity alone. The numbers listed outside of parentheses indicate the total resources of the given type used by the specific entity and all of its sub-entities in the hierarchy.


+---------------------------------------------------------------------------------------+
; Registers Removed During Synthesis                                                    ;
+-----------------------------------------+---------------------------------------------+
; Register name                           ; Reason for Removal                          ;
+-----------------------------------------+---------------------------------------------+
; serializer:serializer|final_index[3]    ; Stuck at GND due to stuck port clock_enable ;
; serializer:serializer|data_buf[0]       ; Stuck at GND due to stuck port clock_enable ;
; data[0]                                 ; Lost fanout                                 ;
; serializer:serializer|data_buf[1]       ; Stuck at GND due to stuck port clock_enable ;
; data[1]                                 ; Lost fanout                                 ;
; serializer:serializer|data_buf[2]       ; Stuck at GND due to stuck port clock_enable ;
; data[2]                                 ; Lost fanout                                 ;
; serializer:serializer|data_buf[3]       ; Stuck at GND due to stuck port clock_enable ;
; data[3]                                 ; Lost fanout                                 ;
; serializer:serializer|data_buf[4]       ; Stuck at GND due to stuck port clock_enable ;
; data[4]                                 ; Lost fanout                                 ;
; serializer:serializer|data_buf[5]       ; Stuck at GND due to stuck port clock_enable ;
; data[5]                                 ; Lost fanout                                 ;
; serializer:serializer|data_buf[6]       ; Stuck at GND due to stuck port clock_enable ;
; data[6]                                 ; Lost fanout                                 ;
; serializer:serializer|data_buf[7]       ; Stuck at GND due to stuck port clock_enable ;
; data[7]                                 ; Lost fanout                                 ;
; serializer:serializer|data_buf[8]       ; Stuck at GND due to stuck port clock_enable ;
; data[8]                                 ; Lost fanout                                 ;
; serializer:serializer|data_buf[9]       ; Stuck at GND due to stuck port clock_enable ;
; data[9]                                 ; Lost fanout                                 ;
; serializer:serializer|data_buf[10]      ; Stuck at GND due to stuck port clock_enable ;
; data[10]                                ; Lost fanout                                 ;
; serializer:serializer|data_buf[11]      ; Stuck at GND due to stuck port clock_enable ;
; data[11]                                ; Lost fanout                                 ;
; serializer:serializer|data_buf[12]      ; Stuck at GND due to stuck port clock_enable ;
; data[12]                                ; Lost fanout                                 ;
; serializer:serializer|data_buf[13]      ; Stuck at GND due to stuck port clock_enable ;
; data[13]                                ; Lost fanout                                 ;
; serializer:serializer|data_buf[14]      ; Stuck at GND due to stuck port clock_enable ;
; data[14]                                ; Lost fanout                                 ;
; serializer:serializer|data_buf[15]      ; Stuck at GND due to stuck port clock_enable ;
; data[15]                                ; Lost fanout                                 ;
; serializer:serializer|final_index[0..2] ; Stuck at GND due to stuck port clock_enable ;
; data_mod[0..3]                          ; Lost fanout                                 ;
; ser_data_o~reg0                         ; Stuck at GND due to stuck port data_in      ;
; serializer:serializer|state             ; Stuck at GND due to stuck port data_in      ;
; srst                                    ; Lost fanout                                 ;
; serializer:serializer|counter[0..3]     ; Lost fanout                                 ;
; ser_data_val_o~reg0                     ; Stuck at GND due to stuck port data_in      ;
; busy_o~reg0                             ; Stuck at GND due to stuck port data_in      ;
; Total Number of Removed Registers = 49  ;                                             ;
+-----------------------------------------+---------------------------------------------+


+----------------------------------------------------------------------------------------------------------------------------------------------------------------+
; Removed Registers Triggering Further Register Optimizations                                                                                                    ;
+--------------------------------------+--------------------------------+----------------------------------------------------------------------------------------+
; Register name                        ; Reason for Removal             ; Registers Removed due to This Register                                                 ;
+--------------------------------------+--------------------------------+----------------------------------------------------------------------------------------+
; serializer:serializer|final_index[3] ; Stuck at GND                   ; data_mod[0], data_mod[1], data_mod[2], data_mod[3], serializer:serializer|state, srst, ;
;                                      ; due to stuck port clock_enable ; serializer:serializer|counter[3], serializer:serializer|counter[2],                    ;
;                                      ;                                ; serializer:serializer|counter[0], serializer:serializer|counter[1],                    ;
;                                      ;                                ; ser_data_val_o~reg0, busy_o~reg0                                                       ;
; serializer:serializer|data_buf[0]    ; Stuck at GND                   ; data[0], ser_data_o~reg0                                                               ;
;                                      ; due to stuck port clock_enable ;                                                                                        ;
; serializer:serializer|data_buf[14]   ; Stuck at GND                   ; data[14]                                                                               ;
;                                      ; due to stuck port clock_enable ;                                                                                        ;
; serializer:serializer|data_buf[15]   ; Stuck at GND                   ; data[15]                                                                               ;
;                                      ; due to stuck port clock_enable ;                                                                                        ;
; serializer:serializer|data_buf[13]   ; Stuck at GND                   ; data[13]                                                                               ;
;                                      ; due to stuck port clock_enable ;                                                                                        ;
; serializer:serializer|data_buf[12]   ; Stuck at GND                   ; data[12]                                                                               ;
;                                      ; due to stuck port clock_enable ;                                                                                        ;
; serializer:serializer|data_buf[11]   ; Stuck at GND                   ; data[11]                                                                               ;
;                                      ; due to stuck port clock_enable ;                                                                                        ;
; serializer:serializer|data_buf[10]   ; Stuck at GND                   ; data[10]                                                                               ;
;                                      ; due to stuck port clock_enable ;                                                                                        ;
; serializer:serializer|data_buf[9]    ; Stuck at GND                   ; data[9]                                                                                ;
;                                      ; due to stuck port clock_enable ;                                                                                        ;
; serializer:serializer|data_buf[8]    ; Stuck at GND                   ; data[8]                                                                                ;
;                                      ; due to stuck port clock_enable ;                                                                                        ;
; serializer:serializer|data_buf[7]    ; Stuck at GND                   ; data[7]                                                                                ;
;                                      ; due to stuck port clock_enable ;                                                                                        ;
; serializer:serializer|data_buf[6]    ; Stuck at GND                   ; data[6]                                                                                ;
;                                      ; due to stuck port clock_enable ;                                                                                        ;
; serializer:serializer|data_buf[5]    ; Stuck at GND                   ; data[5]                                                                                ;
;                                      ; due to stuck port clock_enable ;                                                                                        ;
; serializer:serializer|data_buf[4]    ; Stuck at GND                   ; data[4]                                                                                ;
;                                      ; due to stuck port clock_enable ;                                                                                        ;
; serializer:serializer|data_buf[3]    ; Stuck at GND                   ; data[3]                                                                                ;
;                                      ; due to stuck port clock_enable ;                                                                                        ;
; serializer:serializer|data_buf[2]    ; Stuck at GND                   ; data[2]                                                                                ;
;                                      ; due to stuck port clock_enable ;                                                                                        ;
; serializer:serializer|data_buf[1]    ; Stuck at GND                   ; data[1]                                                                                ;
;                                      ; due to stuck port clock_enable ;                                                                                        ;
+--------------------------------------+--------------------------------+----------------------------------------------------------------------------------------+


+------------------------------------------------------+
; General Register Statistics                          ;
+----------------------------------------------+-------+
; Statistic                                    ; Value ;
+----------------------------------------------+-------+
; Total registers                              ; 0     ;
; Number of registers using Synchronous Clear  ; 0     ;
; Number of registers using Synchronous Load   ; 0     ;
; Number of registers using Asynchronous Clear ; 0     ;
; Number of registers using Asynchronous Load  ; 0     ;
; Number of registers using Clock Enable       ; 0     ;
; Number of registers using Preset             ; 0     ;
+----------------------------------------------+-------+


+--------------------------------------------------------------------+
; Parameter Settings for User Entity Instance: serializer:serializer ;
+----------------+-------+-------------------------------------------+
; Parameter Name ; Value ; Type                                      ;
+----------------+-------+-------------------------------------------+
; DATA_BUS_WIDTH ; 16    ; Signed Integer                            ;
; DATA_MOD_WIDTH ; 4     ; Signed Integer                            ;
+----------------+-------+-------------------------------------------+
Note: In order to hide this table in the UI and the text report file, please set the "Show Parameter Settings in Synthesis Report" option in "Analysis and Synthesis Settings -> More Settings" to "Off".


+-----------------------------------------------------+
; Post-Synthesis Netlist Statistics for Top Partition ;
+-----------------------+-----------------------------+
; Type                  ; Count                       ;
+-----------------------+-----------------------------+
; arriav_lcell_comb     ; 1                           ;
;     normal            ; 1                           ;
;         0 data inputs ; 1                           ;
; boundary_port         ; 26                          ;
;                       ;                             ;
; Max LUT depth         ; 0.00                        ;
; Average LUT depth     ; 0.00                        ;
+-----------------------+-----------------------------+


+-------------------------------+
; Elapsed Time Per Partition    ;
+----------------+--------------+
; Partition Name ; Elapsed Time ;
+----------------+--------------+
; Top            ; 00:00:00     ;
+----------------+--------------+


+-------------------------------+
; Analysis & Synthesis Messages ;
+-------------------------------+
Info: *******************************************************************
Info: Running Quartus Prime Analysis & Synthesis
    Info: Version 18.1.0 Build 625 09/12/2018 SJ Lite Edition
    Info: Processing started: Fri Jan  5 08:50:18 2024
Info: Command: quartus_map --read_settings_files=on --write_settings_files=off serializer -c serializer
Info (20030): Parallel compilation is enabled and will use 8 of the 8 processors detected
Info (12021): Found 1 design units, including 1 entities, in source file /home/vladimir/NTC/serialaizer/rtl/serializer_top.sv
    Info (12023): Found entity 1: serializer_top File: /home/vladimir/NTC/serialaizer/rtl/serializer_top.sv Line: 1
Info (12021): Found 1 design units, including 1 entities, in source file /home/vladimir/NTC/serialaizer/rtl/serializer.sv
    Info (12023): Found entity 1: serializer File: /home/vladimir/NTC/serialaizer/rtl/serializer.sv Line: 1
Info (12127): Elaborating entity "serializer_top" for the top level hierarchy
Info (12128): Elaborating entity "serializer" for hierarchy "serializer:serializer" File: /home/vladimir/NTC/serialaizer/rtl/serializer_top.sv Line: 46
Warning (13024): Output pins are stuck at VCC or GND
    Warning (13410): Pin "ser_data_o" is stuck at GND File: /home/vladimir/NTC/serialaizer/rtl/serializer_top.sv Line: 9
    Warning (13410): Pin "ser_data_val_o" is stuck at GND File: /home/vladimir/NTC/serialaizer/rtl/serializer_top.sv Line: 10
    Warning (13410): Pin "busy_o" is stuck at GND File: /home/vladimir/NTC/serialaizer/rtl/serializer_top.sv Line: 12
Info (17049): 25 registers lost all their fanouts during netlist optimizations.
Info (16010): Generating hard_block partition "hard_block:auto_generated_inst"
    Info (16011): Adding 0 node(s), including 0 DDIO, 0 PLL, 0 transceiver and 0 LCELL
Info (15717): Design contains 25 virtual pins; timing numbers associated with paths containing virtual pins are estimates
    Info (15718): Pin "data_i[0]" is virtual input pin File: /home/vladimir/NTC/serialaizer/rtl/serializer_top.sv Line: 5
    Info (15718): Pin "data_i[1]" is virtual input pin File: /home/vladimir/NTC/serialaizer/rtl/serializer_top.sv Line: 5
    Info (15718): Pin "data_i[2]" is virtual input pin File: /home/vladimir/NTC/serialaizer/rtl/serializer_top.sv Line: 5
    Info (15718): Pin "data_i[3]" is virtual input pin File: /home/vladimir/NTC/serialaizer/rtl/serializer_top.sv Line: 5
    Info (15718): Pin "data_i[4]" is virtual input pin File: /home/vladimir/NTC/serialaizer/rtl/serializer_top.sv Line: 5
    Info (15718): Pin "data_i[5]" is virtual input pin File: /home/vladimir/NTC/serialaizer/rtl/serializer_top.sv Line: 5
    Info (15718): Pin "data_i[6]" is virtual input pin File: /home/vladimir/NTC/serialaizer/rtl/serializer_top.sv Line: 5
    Info (15718): Pin "data_i[7]" is virtual input pin File: /home/vladimir/NTC/serialaizer/rtl/serializer_top.sv Line: 5
    Info (15718): Pin "data_i[8]" is virtual input pin File: /home/vladimir/NTC/serialaizer/rtl/serializer_top.sv Line: 5
    Info (15718): Pin "data_i[9]" is virtual input pin File: /home/vladimir/NTC/serialaizer/rtl/serializer_top.sv Line: 5
    Info (15718): Pin "data_i[10]" is virtual input pin File: /home/vladimir/NTC/serialaizer/rtl/serializer_top.sv Line: 5
    Info (15718): Pin "data_i[11]" is virtual input pin File: /home/vladimir/NTC/serialaizer/rtl/serializer_top.sv Line: 5
    Info (15718): Pin "data_i[12]" is virtual input pin File: /home/vladimir/NTC/serialaizer/rtl/serializer_top.sv Line: 5
    Info (15718): Pin "data_i[13]" is virtual input pin File: /home/vladimir/NTC/serialaizer/rtl/serializer_top.sv Line: 5
    Info (15718): Pin "data_i[14]" is virtual input pin File: /home/vladimir/NTC/serialaizer/rtl/serializer_top.sv Line: 5
    Info (15718): Pin "data_i[15]" is virtual input pin File: /home/vladimir/NTC/serialaizer/rtl/serializer_top.sv Line: 5
    Info (15718): Pin "data_mod_i[0]" is virtual input pin File: /home/vladimir/NTC/serialaizer/rtl/serializer_top.sv Line: 6
    Info (15718): Pin "data_mod_i[1]" is virtual input pin File: /home/vladimir/NTC/serialaizer/rtl/serializer_top.sv Line: 6
    Info (15718): Pin "data_mod_i[2]" is virtual input pin File: /home/vladimir/NTC/serialaizer/rtl/serializer_top.sv Line: 6
    Info (15718): Pin "data_mod_i[3]" is virtual input pin File: /home/vladimir/NTC/serialaizer/rtl/serializer_top.sv Line: 6
    Info (15718): Pin "data_val_i" is virtual input pin File: /home/vladimir/NTC/serialaizer/rtl/serializer_top.sv Line: 7
    Info (15719): Pin "ser_data_o" is virtual output pin File: /home/vladimir/NTC/serialaizer/rtl/serializer_top.sv Line: 9
    Info (15719): Pin "ser_data_val_o" is virtual output pin File: /home/vladimir/NTC/serialaizer/rtl/serializer_top.sv Line: 10
    Info (15719): Pin "busy_o" is virtual output pin File: /home/vladimir/NTC/serialaizer/rtl/serializer_top.sv Line: 12
    Info (15718): Pin "srst_i" is virtual input pin File: /home/vladimir/NTC/serialaizer/rtl/serializer_top.sv Line: 3
Warning (21074): Design contains 1 input pin(s) that do not drive logic
    Warning (15610): No output dependent on input pin "clk_i" File: /home/vladimir/NTC/serialaizer/rtl/serializer_top.sv Line: 2
Info (21057): Implemented 26 device resources after synthesis - the final resource count might be different
    Info (21058): Implemented 1 input pins
    Info (21059): Implemented 0 output pins
    Info (21061): Implemented 25 logic cells
Info: Quartus Prime Analysis & Synthesis was successful. 0 errors, 6 warnings
    Info: Peak virtual memory: 971 megabytes
    Info: Processing ended: Fri Jan  5 08:50:31 2024
    Info: Elapsed time: 00:00:13
    Info: Total CPU time (on all processors): 00:00:32


